#
# There is insufficient memory for the Java Runtime Environment to continue.
# Native memory allocation (malloc) failed to allocate 1048576 bytes for AllocateHeap
# Possible reasons:
#   The system is out of physical RAM or swap space
#   In 32 bit mode, the process size limit was hit
# Possible solutions:
#   Reduce memory load on the system
#   Increase physical memory or swap space
#   Check if swap backing store is full
#   Use 64 bit Java on a 64 bit OS
#   Decrease Java heap size (-Xmx/-Xms)
#   Decrease number of Java threads
#   Decrease Java thread stack sizes (-Xss)
#   Set larger code cache with -XX:ReservedCodeCacheSize=
# This output file may be truncated or incomplete.
#
#  Out of Memory Error (memory/allocation.inline.hpp:61), pid=17708, tid=13360
#
# JRE version:  (8.0_66-b18) (build )
# Java VM: Java HotSpot(TM) 64-Bit Server VM (25.66-b18 mixed mode windows-amd64 compressed oops)
# Failed to write core dump. Minidumps are not enabled by default on client versions of Windows
#

---------------  T H R E A D  ---------------

Current thread (0x000000000055d800):  JavaThread "Unknown thread" [_thread_in_vm, id=13360, stack(0x00000000020f0000,0x00000000021f0000)]

Stack: [0x00000000020f0000,0x00000000021f0000]
[error occurred during error reporting (printing stack bounds), id 0xc0000005]

Native frames: (J=compiled Java code, j=interpreted, Vv=VM code, C=native code)


---------------  P R O C E S S  ---------------

Java Threads: ( => current thread )

Other Threads:

=>0x000000000055d800 (exited) JavaThread "Unknown thread" [_thread_in_vm, id=13360, stack(0x00000000020f0000,0x00000000021f0000)]

VM state:not at safepoint (normal execution)

VM Mutex/Monitor currently owned by a thread: None

Heap:
 PSYoungGen      total 38400K, used 665K [0x00000000eab00000, 0x00000000ed580000, 0x0000000100000000)
  eden space 33280K, 2% used [0x00000000eab00000,0x00000000eaba6670,0x00000000ecb80000)
  from space 5120K, 0% used [0x00000000ed080000,0x00000000ed080000,0x00000000ed580000)
  to   space 5120K, 0% used [0x00000000ecb80000,0x00000000ecb80000,0x00000000ed080000)
 ParOldGen       total 87552K, used 0K [0x00000000c0000000, 0x00000000c5580000, 0x00000000eab00000)
  object space 87552K, 0% used [0x00000000c0000000,0x00000000c0000000,0x00000000c5580000)
 Metaspace       used 767K, capacity 4480K, committed 4480K, reserved 1056768K
  class space    used 75K, capacity 384K, committed 384K, reserved 1048576K

Card table byte_map: [0x0000000011710000,0x0000000011920000] byte_map_base: 0x0000000011110000

Marking Bits: (ParMarkBitMap*) 0x00000000566ba5b0
 Begin Bits: [0x0000000012280000, 0x0000000013280000)
 End Bits:   [0x0000000013280000, 0x0000000014280000)

Polling page: 0x0000000000540000

CodeCache: size=245760Kb used=328Kb max_used=328Kb free=245431Kb
 bounds [0x0000000002350000, 0x00000000025c0000, 0x0000000011350000]
 total_blobs=57 nmethods=0 adapters=37
 compilation: enabled

Compilation events (0 events):
No events

GC Heap History (0 events):
No events

Deoptimization events (0 events):
No events

Internal exceptions (0 events):
No events

Events (10 events):
Event: 0.033 loading class java/lang/Short
Event: 0.033 loading class java/lang/Short done
Event: 0.033 loading class java/lang/Integer
Event: 0.033 loading class java/lang/Integer done
Event: 0.033 loading class java/lang/Long
Event: 0.033 loading class java/lang/Long done
Event: 0.034 loading class java/lang/NullPointerException
Event: 0.034 loading class java/lang/NullPointerException done
Event: 0.034 loading class java/lang/ArithmeticException
Event: 0.034 loading class java/lang/ArithmeticException done


Dynamic libraries:
0x00007ff707f90000 - 0x00007ff707fc7000 	C:\Program Files\Java\jdk1.8.0_66\bin\java.exe
0x00007fffa0270000 - 0x00007fffa0431000 	C:\WINDOWS\SYSTEM32\ntdll.dll
0x00007fff9dcf0000 - 0x00007fff9dd9d000 	C:\WINDOWS\system32\KERNEL32.DLL
0x00007fff9c920000 - 0x00007fff9cb08000 	C:\WINDOWS\system32\KERNELBASE.dll
0x00007fffa0160000 - 0x00007fffa0207000 	C:\WINDOWS\system32\ADVAPI32.dll
0x00007fff9fd00000 - 0x00007fff9fd9d000 	C:\WINDOWS\system32\msvcrt.dll
0x00007fff9fa30000 - 0x00007fff9fa8b000 	C:\WINDOWS\system32\sechost.dll
0x00007fff9f440000 - 0x00007fff9f55c000 	C:\WINDOWS\system32\RPCRT4.dll
0x00007fff9fe00000 - 0x00007fff9ff56000 	C:\WINDOWS\system32\USER32.dll
0x00007fff9ffd0000 - 0x00007fffa0156000 	C:\WINDOWS\system32\GDI32.dll
0x00007fff979e0000 - 0x00007fff97c54000 	C:\WINDOWS\WinSxS\amd64_microsoft.windows.common-controls_6595b64144ccf1df_6.0.10586.0_none_8c15ae12515e1c22\COMCTL32.dll
0x00007fff9f560000 - 0x00007fff9f7dd000 	C:\WINDOWS\system32\combase.dll
0x00007fff9d430000 - 0x00007fff9d49a000 	C:\WINDOWS\system32\bcryptPrimitives.dll
0x00007fff9daa0000 - 0x00007fff9dadb000 	C:\WINDOWS\system32\IMM32.DLL
0x0000000055ab0000 - 0x0000000055b82000 	C:\Program Files\Java\jdk1.8.0_66\jre\bin\msvcr100.dll
0x0000000055eb0000 - 0x0000000056739000 	C:\Program Files\Java\jdk1.8.0_66\jre\bin\server\jvm.dll
0x00007fff9f7e0000 - 0x00007fff9f7e8000 	C:\WINDOWS\system32\PSAPI.DLL
0x00007fff8c910000 - 0x00007fff8c919000 	C:\WINDOWS\SYSTEM32\WSOCK32.dll
0x00007fff97d70000 - 0x00007fff97d7a000 	C:\WINDOWS\SYSTEM32\VERSION.dll
0x00007fff9b010000 - 0x00007fff9b033000 	C:\WINDOWS\SYSTEM32\WINMM.dll
0x00007fff9f9c0000 - 0x00007fff9fa2b000 	C:\WINDOWS\system32\ws2_32.DLL
0x00007fff9afe0000 - 0x00007fff9b00c000 	C:\WINDOWS\SYSTEM32\WINMMBASE.dll
0x00007fff9d2c0000 - 0x00007fff9d303000 	C:\WINDOWS\system32\cfgmgr32.dll
0x0000000057870000 - 0x000000005787f000 	C:\Program Files\Java\jdk1.8.0_66\jre\bin\verify.dll
0x00000000567a0000 - 0x00000000567c9000 	C:\Program Files\Java\jdk1.8.0_66\jre\bin\java.dll
0x0000000056780000 - 0x0000000056796000 	C:\Program Files\Java\jdk1.8.0_66\jre\bin\zip.dll

VM Arguments:
jvm_args: -Djava.awt.headless=true -Xmx1024M -Dfile.encoding=windows-1252 -Duser.country=CA -Duser.language=en -Duser.variant 
java_command: com.android.dx.command.Main --dex --num-threads=4 --output D:\Users\Documents\AndroidProjects\WineCognoscenti\app\build\intermediates\pre-dexed\debug\com.android.support-design-23.1.1_83f96ffb10aa1ab62a1c64ee7693760da98a42e8.jar D:\Users\Documents\AndroidProjects\WineCognoscenti\app\build\intermediates\exploded-aar\com.android.support\design\23.1.1\jars\classes.jar
java_class_path (initial): D:\Users\AppData\Android\sdk\build-tools\23.0.2\lib\dx.jar
Launcher Type: SUN_STANDARD

Environment Variables:
PATH=C:\ProgramData\Oracle\Java\javapath;C:\Program Files (x86)\Intel\iCLS Client\;C:\Program Files\Intel\iCLS Client\;C:\WINDOWS\system32;C:\WINDOWS;C:\WINDOWS\System32\Wbem;C:\WINDOWS\System32\WindowsPowerShell\v1.0\;C:\Program Files (x86)\Windows Live\Shared;C:\Program Files\Intel\WiFi\bin\;C:\Program Files\Common Files\Intel\WirelessCommon\;C:\Program Files (x86)\NVIDIA Corporation\PhysX\Common;C:\Program Files\Intel\Intel(R) Management Engine Components\DAL;C:\Program Files\Intel\Intel(R) Management Engine Components\IPT;C:\Program Files\Microsoft SQL Server\110\Tools\Binn\;C:\WINDOWS\system32\config\systemprofile\.dnx\bin;C:\Program Files\Microsoft DNX\Dnvm\;C:\Program Files (x86)\Windows Kits\8.1\Windows Performance Toolkit\;C:\Program Files\Microsoft SQL Server\120\Tools\Binn\;C:\WINDOWS\system32;C:\WINDOWS;C:\WINDOWS\System32\Wbem;C:\WINDOWS\System32\WindowsPowerShell\v1.0\;C:\Program Files (x86)\Skype\Phone\;C:\Program Files\Intel\WiFi\bin\;C:\Program Files\Common Files\Intel\WirelessCommon\;C:\Users\GeEEE\AppData\Roaming\Dashlane\4.0.0.98750\bin\Firefox_Extension\{442718d9-475e-452a-b3e1-fb1ee16b8e9f}\components;C:\Users\GeEEE\AppData\Roaming\Dashlane\4.0.1.98943\bin\Firefox_Extension\{442718d9-475e-452a-b3e1-fb1ee16b8e9f}\components
USERNAME=GeEEE
OS=Windows_NT
PROCESSOR_IDENTIFIER=Intel64 Family 6 Model 71 Stepping 1, GenuineIntel



---------------  S Y S T E M  ---------------

OS: Windows 10.0 , 64 bit Build 10586 (10.0.10586.0)

CPU:total 8 (4 cores per cpu, 2 threads per core) family 6 model 71 stepping 1, cmov, cx8, fxsr, mmx, sse, sse2, sse3, ssse3, sse4.1, sse4.2, popcnt, avx, avx2, aes, clmul, erms, 3dnowpref, lzcnt, ht, tsc, tscinvbit, bmi1, bmi2, adx

Memory: 4k page, physical 8297968k(613384k free), swap 16796968k(190036k free)

vm_info: Java HotSpot(TM) 64-Bit Server VM (25.66-b18) for windows-amd64 JRE (1.8.0_66-b18), built on Nov  9 2015 10:51:13 by "java_re" with MS VC++ 10.0 (VS2010)

time: Mon Feb 01 10:20:48 2016
elapsed time: 0 seconds (0d 0h 0m 0s)

