#
# There is insufficient memory for the Java Runtime Environment to continue.
# Native memory allocation (malloc) failed to allocate 1449936 bytes for Chunk::new
# Possible reasons:
#   The system is out of physical RAM or swap space
#   In 32 bit mode, the process size limit was hit
# Possible solutions:
#   Reduce memory load on the system
#   Increase physical memory or swap space
#   Check if swap backing store is full
#   Use 64 bit Java on a 64 bit OS
#   Decrease Java heap size (-Xmx/-Xms)
#   Decrease number of Java threads
#   Decrease Java thread stack sizes (-Xss)
#   Set larger code cache with -XX:ReservedCodeCacheSize=
# This output file may be truncated or incomplete.
#
#  Out of Memory Error (allocation.cpp:390), pid=9584, tid=5788
#
# JRE version: Java(TM) SE Runtime Environment (8.0_66-b18) (build 1.8.0_66-b18)
# Java VM: Java HotSpot(TM) 64-Bit Server VM (25.66-b18 mixed mode windows-amd64 compressed oops)
# Failed to write core dump. Minidumps are not enabled by default on client versions of Windows
#

---------------  T H R E A D  ---------------

Current thread (0x0000000017067000):  JavaThread "C2 CompilerThread0" daemon [_thread_in_native, id=5788, stack(0x0000000017640000,0x0000000017740000)]

Stack: [0x0000000017640000,0x0000000017740000]
[error occurred during error reporting (printing stack bounds), id 0xc0000005]

Native frames: (J=compiled Java code, j=interpreted, Vv=VM code, C=native code)


Current CompileTask:
C2:   4021 1817   !   4       com.android.dx.cf.code.Ropper::processBlock (1101 bytes)


---------------  P R O C E S S  ---------------

Java Threads: ( => current thread )
  0x00000000173bb800 JavaThread "pool-1-thread-4" [_thread_in_Java, id=10700, stack(0x0000000018840000,0x0000000018940000)]
  0x00000000173b4000 JavaThread "pool-1-thread-3" [_thread_blocked, id=9916, stack(0x0000000018740000,0x0000000018840000)]
  0x0000000017353800 JavaThread "pool-1-thread-2" [_thread_in_Java, id=8788, stack(0x0000000018640000,0x0000000018740000)]
  0x000000001733e800 JavaThread "pool-2-thread-1" [_thread_blocked, id=6752, stack(0x0000000018540000,0x0000000018640000)]
  0x000000001733d800 JavaThread "pool-1-thread-1" [_thread_blocked, id=10420, stack(0x0000000018440000,0x0000000018540000)]
  0x00000000170e1800 JavaThread "Service Thread" daemon [_thread_blocked, id=9236, stack(0x0000000017a40000,0x0000000017b40000)]
  0x00000000170ca000 JavaThread "C1 CompilerThread3" daemon [_thread_blocked, id=2740, stack(0x0000000017940000,0x0000000017a40000)]
  0x00000000170be000 JavaThread "C2 CompilerThread2" daemon [_thread_in_native, id=8708, stack(0x0000000017840000,0x0000000017940000)]
  0x00000000170b8800 JavaThread "C2 CompilerThread1" daemon [_thread_in_native, id=4148, stack(0x0000000017740000,0x0000000017840000)]
=>0x0000000017067000 JavaThread "C2 CompilerThread0" daemon [_thread_in_native, id=5788, stack(0x0000000017640000,0x0000000017740000)]
  0x0000000017065000 JavaThread "Attach Listener" daemon [_thread_blocked, id=864, stack(0x0000000017540000,0x0000000017640000)]
  0x0000000017064000 JavaThread "Signal Dispatcher" daemon [_thread_blocked, id=9576, stack(0x0000000017440000,0x0000000017540000)]
  0x0000000002469000 JavaThread "Finalizer" daemon [_thread_blocked, id=3044, stack(0x0000000016e60000,0x0000000016f60000)]
  0x0000000002462000 JavaThread "Reference Handler" daemon [_thread_blocked, id=9148, stack(0x0000000016d60000,0x0000000016e60000)]
  0x000000000236d800 JavaThread "main" [_thread_blocked, id=8060, stack(0x00000000021a0000,0x00000000022a0000)]

Other Threads:
  0x0000000014f89800 VMThread [stack: 0x0000000016c60000,0x0000000016d60000] [id=8280]
  0x00000000170e5000 WatcherThread [stack: 0x0000000017b40000,0x0000000017c40000] [id=8752]

VM state:not at safepoint (normal execution)

VM Mutex/Monitor currently owned by a thread: None

Heap:
 PSYoungGen      total 71680K, used 22729K [0x00000000eab00000, 0x00000000f3700000, 0x0000000100000000)
  eden space 66560K, 26% used [0x00000000eab00000,0x00000000ebc36ed8,0x00000000eec00000)
  from space 5120K, 99% used [0x00000000eec00000,0x00000000ef0fb608,0x00000000ef100000)
  to   space 5120K, 0% used [0x00000000f3200000,0x00000000f3200000,0x00000000f3700000)
 ParOldGen       total 87552K, used 12493K [0x00000000c0000000, 0x00000000c5580000, 0x00000000eab00000)
  object space 87552K, 14% used [0x00000000c0000000,0x00000000c0c33718,0x00000000c5580000)
 Metaspace       used 6286K, capacity 7152K, committed 7296K, reserved 1056768K
  class space    used 603K, capacity 616K, committed 640K, reserved 1048576K

Card table byte_map: [0x0000000011830000,0x0000000011a40000] byte_map_base: 0x0000000011230000

Marking Bits: (ParMarkBitMap*) 0x0000000075f0a5b0
 Begin Bits: [0x00000000123a0000, 0x00000000133a0000)
 End Bits:   [0x00000000133a0000, 0x00000000143a0000)

Polling page: 0x0000000000430000

CodeCache: size=245760Kb used=7596Kb max_used=7596Kb free=238163Kb
 bounds [0x0000000002470000, 0x0000000002bf0000, 0x0000000011470000]
 total_blobs=2125 nmethods=1855 adapters=182
 compilation: enabled

Compilation events (10 events):
Event: 4.006 Thread 0x00000000170ca000 1933   !   2       java.util.concurrent.ThreadPoolExecutor::getTask (179 bytes)
Event: 4.007 Thread 0x00000000170ca000 nmethod 1933 0x0000000002bd8c90 code [0x0000000002bd8e60, 0x0000000002bd9418]
Event: 4.007 Thread 0x00000000170ca000 1934       2       java.util.concurrent.locks.ReentrantLock::lockInterruptibly (9 bytes)
Event: 4.007 Thread 0x00000000170ca000 nmethod 1934 0x0000000002bd82d0 code [0x0000000002bd8460, 0x0000000002bd86f8]
Event: 4.009 Thread 0x00000000170ca000 1936   !   2       java.util.zip.Inflater::setInput (74 bytes)
Event: 4.009 Thread 0x00000000170ca000 nmethod 1936 0x0000000002bd7a90 code [0x0000000002bd7c20, 0x0000000002bd8098]
Event: 4.012 Thread 0x00000000170ca000 1937       2       com.android.dx.rop.code.Rop::<init> (15 bytes)
Event: 4.013 Thread 0x00000000170ca000 nmethod 1937 0x0000000002bd76d0 code [0x0000000002bd7840, 0x0000000002bd79e8]
Event: 4.013 Thread 0x00000000170ca000 1938 %     3       com.android.dx.ssa.SCCP::simulateBranch @ 615 (666 bytes)
Event: 4.017 Thread 0x00000000170ca000 nmethod 1938% 0x0000000002bdca10 code [0x0000000002bdcec0, 0x0000000002be0af8]

GC Heap History (6 events):
Event: 0.528 GC heap before
{Heap before GC invocations=1 (full 0):
 PSYoungGen      total 38400K, used 33280K [0x00000000eab00000, 0x00000000ed580000, 0x0000000100000000)
  eden space 33280K, 100% used [0x00000000eab00000,0x00000000ecb80000,0x00000000ecb80000)
  from space 5120K, 0% used [0x00000000ed080000,0x00000000ed080000,0x00000000ed580000)
  to   space 5120K, 0% used [0x00000000ecb80000,0x00000000ecb80000,0x00000000ed080000)
 ParOldGen       total 87552K, used 0K [0x00000000c0000000, 0x00000000c5580000, 0x00000000eab00000)
  object space 87552K, 0% used [0x00000000c0000000,0x00000000c0000000,0x00000000c5580000)
 Metaspace       used 5817K, capacity 6768K, committed 7040K, reserved 1056768K
  class space    used 600K, capacity 616K, committed 640K, reserved 1048576K
Event: 0.613 GC heap after
Heap after GC invocations=1 (full 0):
 PSYoungGen      total 38400K, used 5110K [0x00000000eab00000, 0x00000000ef600000, 0x0000000100000000)
  eden space 33280K, 0% used [0x00000000eab00000,0x00000000eab00000,0x00000000ecb80000)
  from space 5120K, 99% used [0x00000000ecb80000,0x00000000ed07dba0,0x00000000ed080000)
  to   space 5120K, 0% used [0x00000000ef100000,0x00000000ef100000,0x00000000ef600000)
 ParOldGen       total 87552K, used 119K [0x00000000c0000000, 0x00000000c5580000, 0x00000000eab00000)
  object space 87552K, 0% used [0x00000000c0000000,0x00000000c001de38,0x00000000c5580000)
 Metaspace       used 5817K, capacity 6768K, committed 7040K, reserved 1056768K
  class space    used 600K, capacity 616K, committed 640K, reserved 1048576K
}
Event: 1.414 GC heap before
{Heap before GC invocations=2 (full 0):
 PSYoungGen      total 38400K, used 38390K [0x00000000eab00000, 0x00000000ef600000, 0x0000000100000000)
  eden space 33280K, 100% used [0x00000000eab00000,0x00000000ecb80000,0x00000000ecb80000)
  from space 5120K, 99% used [0x00000000ecb80000,0x00000000ed07dba0,0x00000000ed080000)
  to   space 5120K, 0% used [0x00000000ef100000,0x00000000ef100000,0x00000000ef600000)
 ParOldGen       total 87552K, used 119K [0x00000000c0000000, 0x00000000c5580000, 0x00000000eab00000)
  object space 87552K, 0% used [0x00000000c0000000,0x00000000c001de38,0x00000000c5580000)
 Metaspace       used 6080K, capacity 6960K, committed 7040K, reserved 1056768K
  class space    used 602K, capacity 616K, committed 640K, reserved 1048576K
Event: 1.468 GC heap after
Heap after GC invocations=2 (full 0):
 PSYoungGen      total 71680K, used 5114K [0x00000000eab00000, 0x00000000ef600000, 0x0000000100000000)
  eden space 66560K, 0% used [0x00000000eab00000,0x00000000eab00000,0x00000000eec00000)
  from space 5120K, 99% used [0x00000000ef100000,0x00000000ef5fe808,0x00000000ef600000)
  to   space 5120K, 0% used [0x00000000eec00000,0x00000000eec00000,0x00000000ef100000)
 ParOldGen       total 87552K, used 3227K [0x00000000c0000000, 0x00000000c5580000, 0x00000000eab00000)
  object space 87552K, 3% used [0x00000000c0000000,0x00000000c0326f10,0x00000000c5580000)
 Metaspace       used 6080K, capacity 6960K, committed 7040K, reserved 1056768K
  class space    used 602K, capacity 616K, committed 640K, reserved 1048576K
}
Event: 3.530 GC heap before
{Heap before GC invocations=3 (full 0):
 PSYoungGen      total 71680K, used 71674K [0x00000000eab00000, 0x00000000ef600000, 0x0000000100000000)
  eden space 66560K, 100% used [0x00000000eab00000,0x00000000eec00000,0x00000000eec00000)
  from space 5120K, 99% used [0x00000000ef100000,0x00000000ef5fe808,0x00000000ef600000)
  to   space 5120K, 0% used [0x00000000eec00000,0x00000000eec00000,0x00000000ef100000)
 ParOldGen       total 87552K, used 3227K [0x00000000c0000000, 0x00000000c5580000, 0x00000000eab00000)
  object space 87552K, 3% used [0x00000000c0000000,0x00000000c0326f10,0x00000000c5580000)
 Metaspace       used 6260K, capacity 7152K, committed 7296K, reserved 1056768K
  class space    used 603K, capacity 616K, committed 640K, reserved 1048576K
Event: 3.579 GC heap after
Heap after GC invocations=3 (full 0):
 PSYoungGen      total 71680K, used 5101K [0x00000000eab00000, 0x00000000f3700000, 0x0000000100000000)
  eden space 66560K, 0% used [0x00000000eab00000,0x00000000eab00000,0x00000000eec00000)
  from space 5120K, 99% used [0x00000000eec00000,0x00000000ef0fb608,0x00000000ef100000)
  to   space 5120K, 0% used [0x00000000f3200000,0x00000000f3200000,0x00000000f3700000)
 ParOldGen       total 87552K, used 12493K [0x00000000c0000000, 0x00000000c5580000, 0x00000000eab00000)
  object space 87552K, 14% used [0x00000000c0000000,0x00000000c0c33718,0x00000000c5580000)
 Metaspace       used 6260K, capacity 7152K, committed 7296K, reserved 1056768K
  class space    used 603K, capacity 616K, committed 640K, reserved 1048576K
}

Deoptimization events (10 events):
Event: 2.248 Thread 0x00000000173bb800 Uncommon trap: reason=bimorphic action=maybe_recompile pc=0x00000000026e4f68 method=java.util.HashMap.getNode(ILjava/lang/Object;)Ljava/util/HashMap$Node; @ 126
Event: 2.248 Thread 0x00000000173bb800 Uncommon trap: reason=class_check action=maybe_recompile pc=0x00000000028d2d80 method=java.util.HashMap.putVal(ILjava/lang/Object;Ljava/lang/Object;ZZ)Ljava/lang/Object; @ 203
Event: 2.248 Thread 0x00000000173bb800 Uncommon trap: reason=bimorphic action=maybe_recompile pc=0x0000000002713e64 method=java.util.HashMap.getNode(ILjava/lang/Object;)Ljava/util/HashMap$Node; @ 126
Event: 2.355 Thread 0x00000000173b4000 Uncommon trap: reason=unstable_if action=reinterpret pc=0x0000000002a45598 method=com.android.dx.rop.code.RegisterSpec.equals(ILcom/android/dx/rop/type/TypeBearer;Lcom/android/dx/rop/code/LocalItem;)Z @ 42
Event: 2.363 Thread 0x000000001733d800 Uncommon trap: reason=unstable_if action=reinterpret pc=0x0000000002a2fcd4 method=com.android.dx.ssa.SCCP.simulateBranch(Lcom/android/dx/ssa/SsaInsn;)V @ 64
Event: 2.366 Thread 0x000000001733d800 Uncommon trap: reason=unstable_if action=reinterpret pc=0x0000000002a71618 method=com.android.dx.ssa.LiteralOpUpgrader$1.visitNonMoveInsn(Lcom/android/dx/ssa/NormalSsaInsn;)V @ 55
Event: 2.366 Thread 0x00000000173b4000 Uncommon trap: reason=bimorphic action=maybe_recompile pc=0x0000000002a57ef4 method=com.android.dx.cf.code.BytecodeArray.parseInstruction(ILcom/android/dx/cf/code/BytecodeArray$Visitor;)I @ 1501
Event: 2.367 Thread 0x000000001733d800 Uncommon trap: reason=unstable_if action=reinterpret pc=0x00000000028383dc method=com.android.dx.ssa.SsaMethod.updateOneDefinition(Lcom/android/dx/ssa/SsaInsn;Lcom/android/dx/rop/code/RegisterSpec;)V @ 4
Event: 2.367 Thread 0x00000000173b4000 Uncommon trap: reason=bimorphic action=maybe_recompile pc=0x0000000002a57ef4 method=com.android.dx.cf.code.BytecodeArray.parseInstruction(ILcom/android/dx/cf/code/BytecodeArray$Visitor;)I @ 1501
Event: 2.907 Thread 0x0000000017353800 Uncommon trap: reason=unstable_if action=reinterpret pc=0x0000000002b030b8 method=com.android.dx.cf.code.Ropper.labelToResultIndex(I)I @ 34

Internal exceptions (3 events):
Event: 0.059 Thread 0x000000000236d800 Exception <a 'java/lang/NoSuchMethodError': Method sun.misc.Unsafe.defineClass(Ljava/lang/String;[BII)Ljava/lang/Class; name or signature does not match> (0x00000000eab0daa8) thrown at [C:\re\workspace\8-2-build-windows-amd64-cygwin\jdk8u66\5298\hotspot\srÊ%Á÷=®?
Event: 0.059 Thread 0x000000000236d800 Exception <a 'java/lang/NoSuchMethodError': Method sun.misc.Unsafe.prefetchRead(Ljava/lang/Object;J)V name or signature does not match> (0x00000000eab0dd90) thrown at [C:\re\workspace\8-2-build-windows-amd64-cygwin\jdk8u66\5298\hotspot\src\share\vm\prims\jÐaÍïyÐã?
Event: 0.619 Thread 0x00000000173bb800 Implicit null exception at 0x000000000274afa2 to 0x000000000274b0a9

Events (10 events):
Event: 3.458 Thread 0x000000001733d800 DEOPT PACKING pc=0x000000000281ae87 sp=0x000000001853e780
Event: 3.458 Thread 0x000000001733d800 DEOPT UNPACKING pc=0x00000000024b787f sp=0x000000001853e548 mode 0
Event: 3.530 Executing VM operation: ParallelGCFailedAllocation
Event: 3.580 Executing VM operation: ParallelGCFailedAllocation done
Event: 3.637 Thread 0x00000000173bb800 DEOPT PACKING pc=0x0000000002b0b002 sp=0x000000001893e240
Event: 3.637 Thread 0x00000000173bb800 DEOPT UNPACKING pc=0x00000000024b787f sp=0x000000001893dfa8 mode 0
Event: 3.797 Thread 0x000000001733d800 DEOPT PACKING pc=0x0000000002b0b002 sp=0x000000001853e720
Event: 3.797 Thread 0x000000001733d800 DEOPT UNPACKING pc=0x00000000024b787f sp=0x000000001853e488 mode 0
Event: 3.963 Thread 0x000000001733d800 DEOPT PACKING pc=0x0000000002892543 sp=0x000000001853e9e0
Event: 3.963 Thread 0x000000001733d800 DEOPT UNPACKING pc=0x00000000024b787f sp=0x000000001853e760 mode 0


Dynamic libraries:
0x00007ff77a1c0000 - 0x00007ff77a1f7000 	C:\Program Files\Java\jdk1.8.0_66\bin\java.exe
0x00007ff91fab0000 - 0x00007ff91fc71000 	C:\WINDOWS\SYSTEM32\ntdll.dll
0x00007ff91fa00000 - 0x00007ff91faad000 	C:\WINDOWS\system32\KERNEL32.DLL
0x00007ff91c9b0000 - 0x00007ff91cb98000 	C:\WINDOWS\system32\KERNELBASE.dll
0x00007ff91ed70000 - 0x00007ff91ee17000 	C:\WINDOWS\system32\ADVAPI32.dll
0x00007ff91d0a0000 - 0x00007ff91d13d000 	C:\WINDOWS\system32\msvcrt.dll
0x00007ff91d040000 - 0x00007ff91d09b000 	C:\WINDOWS\system32\sechost.dll
0x00007ff91efd0000 - 0x00007ff91f0ec000 	C:\WINDOWS\system32\RPCRT4.dll
0x00007ff91f790000 - 0x00007ff91f8e6000 	C:\WINDOWS\system32\USER32.dll
0x00007ff91ceb0000 - 0x00007ff91d036000 	C:\WINDOWS\system32\GDI32.dll
0x00007ff917e10000 - 0x00007ff918084000 	C:\WINDOWS\WinSxS\amd64_microsoft.windows.common-controls_6595b64144ccf1df_6.0.10586.0_none_8c15ae12515e1c22\COMCTL32.dll
0x00007ff91f350000 - 0x00007ff91f5cd000 	C:\WINDOWS\system32\combase.dll
0x00007ff91c230000 - 0x00007ff91c29a000 	C:\WINDOWS\system32\bcryptPrimitives.dll
0x00007ff91f310000 - 0x00007ff91f34b000 	C:\WINDOWS\system32\IMM32.DLL
0x0000000075290000 - 0x0000000075362000 	C:\Program Files\Java\jdk1.8.0_66\jre\bin\msvcr100.dll
0x0000000075700000 - 0x0000000075f89000 	C:\Program Files\Java\jdk1.8.0_66\jre\bin\server\jvm.dll
0x00007ff91ed60000 - 0x00007ff91ed68000 	C:\WINDOWS\system32\PSAPI.DLL
0x00007ff90da00000 - 0x00007ff90da09000 	C:\WINDOWS\SYSTEM32\WSOCK32.dll
0x00007ff91a680000 - 0x00007ff91a6a3000 	C:\WINDOWS\SYSTEM32\WINMM.dll
0x00007ff918240000 - 0x00007ff91824a000 	C:\WINDOWS\SYSTEM32\VERSION.dll
0x00007ff91f160000 - 0x00007ff91f1cb000 	C:\WINDOWS\system32\WS2_32.dll
0x00000000020e0000 - 0x000000000210c000 	C:\WINDOWS\SYSTEM32\WINMMBASE.dll
0x00007ff91cdd0000 - 0x00007ff91ce13000 	C:\WINDOWS\system32\cfgmgr32.dll
0x0000000077050000 - 0x000000007705f000 	C:\Program Files\Java\jdk1.8.0_66\jre\bin\verify.dll
0x00000000756d0000 - 0x00000000756f9000 	C:\Program Files\Java\jdk1.8.0_66\jre\bin\java.dll
0x00000000756b0000 - 0x00000000756c6000 	C:\Program Files\Java\jdk1.8.0_66\jre\bin\zip.dll
0x00007ff91d140000 - 0x00007ff91e69f000 	C:\WINDOWS\system32\SHELL32.dll
0x00007ff91c2a0000 - 0x00007ff91c8e4000 	C:\WINDOWS\system32\windows.storage.dll
0x00007ff91f100000 - 0x00007ff91f152000 	C:\WINDOWS\system32\shlwapi.dll
0x00007ff91c0f0000 - 0x00007ff91c0ff000 	C:\WINDOWS\system32\kernel.appcore.dll
0x00007ff91c8f0000 - 0x00007ff91c9a5000 	C:\WINDOWS\system32\shcore.dll
0x00007ff91c110000 - 0x00007ff91c15b000 	C:\WINDOWS\system32\powrprof.dll
0x00007ff91c0d0000 - 0x00007ff91c0e4000 	C:\WINDOWS\system32\profapi.dll

VM Arguments:
jvm_args: -Djava.awt.headless=true -Xmx1024M -Dfile.encoding=windows-1252 -Duser.country=CA -Duser.language=en -Duser.variant 
java_command: com.android.dx.command.Main --dex --num-threads=4 --output D:\Users\Documents\AndroidProjects\WineCognoscenti - DB\app\build\intermediates\pre-dexed\debug\com.android.support-support-v4-23.1.1_74c4eb171ccca6daa7111bf8ecca6d73a51f1816.jar D:\Users\Documents\AndroidProjects\WineCognoscenti - DB\app\build\intermediates\exploded-aar\com.android.support\support-v4\23.1.1\jars\classes.jar
java_class_path (initial): D:\Users\AppData\Android\sdk\build-tools\23.0.2\lib\dx.jar
Launcher Type: SUN_STANDARD

Environment Variables:
PATH=C:\ProgramData\Oracle\Java\javapath;C:\Program Files (x86)\Intel\iCLS Client\;C:\Program Files\Intel\iCLS Client\;C:\WINDOWS\system32;C:\WINDOWS;C:\WINDOWS\System32\Wbem;C:\WINDOWS\System32\WindowsPowerShell\v1.0\;C:\Program Files (x86)\Windows Live\Shared;C:\Program Files\Intel\WiFi\bin\;C:\Program Files\Common Files\Intel\WirelessCommon\;C:\Program Files (x86)\NVIDIA Corporation\PhysX\Common;C:\Program Files\Intel\Intel(R) Management Engine Components\DAL;C:\Program Files\Intel\Intel(R) Management Engine Components\IPT;C:\Program Files\Microsoft SQL Server\110\Tools\Binn\;C:\WINDOWS\system32\config\systemprofile\.dnx\bin;C:\Program Files\Microsoft DNX\Dnvm\;C:\Program Files (x86)\Windows Kits\8.1\Windows Performance Toolkit\;C:\Program Files\Microsoft SQL Server\120\Tools\Binn\;C:\WINDOWS\system32;C:\WINDOWS;C:\WINDOWS\System32\Wbem;C:\WINDOWS\System32\WindowsPowerShell\v1.0\;C:\Program Files (x86)\Skype\Phone\;C:\Program Files\Intel\WiFi\bin\;C:\Program Files\Common Files\Intel\WirelessCommon\;C:\Users\GeEEE\AppData\Roaming\Dashlane\4.0.0.98750\bin\Firefox_Extension\{442718d9-475e-452a-b3e1-fb1ee16b8e9f}\components;C:\Users\GeEEE\AppData\Roaming\Dashlane\4.0.1.98943\bin\Firefox_Extension\{442718d9-475e-452a-b3e1-fb1ee16b8e9f}\components
USERNAME=GeEEE
OS=Windows_NT
PROCESSOR_IDENTIFIER=Intel64 Family 6 Model 71 Stepping 1, GenuineIntel



---------------  S Y S T E M  ---------------

OS: Windows 10.0 , 64 bit Build 10586 (10.0.10586.0)

CPU:total 8 (4 cores per cpu, 2 threads per core) family 6 model 71 stepping 1, cmov, cx8, fxsr, mmx, sse, sse2, sse3, ssse3, sse4.1, sse4.2, popcnt, avx, avx2, aes, clmul, erms, 3dnowpref, lzcnt, ht, tsc, tscinvbit, bmi1, bmi2, adx

Memory: 4k page, physical 8297968k(491388k free), swap 14990360k(5456k free)

vm_info: Java HotSpot(TM) 64-Bit Server VM (25.66-b18) for windows-amd64 JRE (1.8.0_66-b18), built on Nov  9 2015 10:51:13 by "java_re" with MS VC++ 10.0 (VS2010)

time: Thu Feb 04 02:25:05 2016
elapsed time: 4 seconds (0d 0h 0m 4s)

